<?xml version="1.0" encoding="UTF-8"?>
<!-- Generated by org.testng.reporters.JUnitXMLReporter -->
<testsuite hostname="Lenovo-PC" ignored="0" name="Default test" tests="3" failures="0" timestamp="2021-04-30T18:52:11 IST" time="1.639" errors="0">
  <testcase name="first" time="0.012" classname="executionOrder.AnnotationTest"/>
  <testcase name="third" time="0.002" classname="executionOrder.AnnotationTest"/>
  <testcase name="second" time="0.002" classname="executionOrder.AnnotationTest"/>
</testsuite> <!-- Default test -->
