<?xml version="1.0" encoding="UTF-8"?>
<!-- Generated by org.testng.reporters.JUnitXMLReporter -->
<testsuite hostname="Lenovo-PC" name="Test" tests="3" failures="0" timestamp="28 Sep 2020 10:29:52 GMT" time="0.029" errors="0">
  <testcase name="first" time="0.004" classname="executionOrder.AnnotationTest"/>
  <testcase name="third" time="0.001" classname="executionOrder.AnnotationTest"/>
  <testcase name="second" time="0.0" classname="executionOrder.AnnotationTest"/>
</testsuite> <!-- Test -->
