<?xml version="1.0" encoding="UTF-8"?>
<!-- Generated by org.testng.reporters.JUnitXMLReporter -->
<testsuite hostname="Lenovo-PC" name="Unit Test" tests="3" failures="0" timestamp="28 Sep 2020 10:29:52 GMT" time="0.007" errors="0">
  <testcase name="CommonScenario" time="0.0" classname="DataProviderPractice.DataProviderExample"/>
  <testcase name="Scenario1" time="0.0" classname="DataProviderPractice.DataProviderExample"/>
  <testcase name="Scenario2" time="0.0" classname="DataProviderPractice.DataProviderExample"/>
</testsuite> <!-- Unit Test -->
