<?xml version="1.0" encoding="UTF-8"?>
<!-- Generated by org.testng.reporters.JUnitXMLReporter -->
<testsuite hostname="Lenovo-PC" name="Listener test caseS" tests="4" failures="1" timestamp="28 Sep 2020 09:53:14 GMT" time="0.267" errors="0">
  <testcase name="testFour" time="0.2" classname="com.testing.listener.sampleDemoExample">
    <skipped/>
  </testcase> <!-- testFour -->
  <testcase name="testGetData" time="0.0" classname="com.testing.listener.sampleDemoExample">
    <skipped/>
  </testcase> <!-- testGetData -->
  <testcase name="testOne" time="0.0" classname="com.testing.listener.sampleDemoExample"/>
  <testcase name="testThree" time="0.008" classname="com.testing.listener.sampleDemoExample">
    <failure type="java.lang.AssertionError" message="expected [7] but found [5]">
      <![CDATA[java.lang.AssertionError: expected [7] but found [5]
	at com.testing.listener.sampleDemoExample.testThree(sampleDemoExample.java:27)
... Removed 29 stack frames]]>
    </failure>
  </testcase> <!-- testThree -->
</testsuite> <!-- Listener test caseS -->
